
ROM used:   579/8192 (7%)
            579/8192 (7%) including unused fragments

            0.5 Average locations per line
            4.4 Average locations per statement

RAM used:   6/368 (2%) at main() level
            20/368 (5%) worst case

Stack used: 0 worst case (0 in main + 0 for interrupts)
Stack size: 8

Lines Stmts  %   Files
----- ----- ---  -----
   80    47  36  main.c
   12     0   0  main.h
  661     0   0  ..\..\..\..\..\Program Files (x86)\PICC\Devices\16F877A.h
  456    84  64  ..\..\..\..\..\Program Files (x86)\PICC\Drivers\lcd.c
----- -----
 1209   131 Total

Page ROM  %  RAM   Vol Diff  Functions:
---- --- --- ---   --- ----  ----------
0     21   4    1             @delay_ms1
0      8   1    0    86  1.3  @const629
 Inline         3   596  5.9  lcd_read_byte
0      6   1    0    59  4.2  lcd_read_nibble
0     12   2    1   179  3.3  lcd_send_nibble
0     64  11    3   460  4.7  lcd_send_byte
0     51   9    2   667  5.9  lcd_init
0     18   3    4   208  6.3  lcd_gotoxy
0     44   8    1   354  4.7  lcd_putc
0     29   5    1    86  1.3  rotateMotor
0     20   3    1    48  1.1  waterIntakeValve
0     18   3    1    48  1.1  waterDrainValve
0    155  27    1   991  5.3  MAIN
0      7   1    0             @const665
0     75  13    4             @PSTRINGC7_647
0      8   1    0             @const668
0      7   1    0             @const669
0      9   2    0             @const670
0      6   1    0             @const671
0      7   1    0             @const672
0     10   2    0             @const673
 Inline         0             @cinit1

Program metrics:
    Functions               12
    Statements              131
    Comments                210
    Volume (V)              6009
    Difficulty (D)          42.6
    Effort to implement (E) 256150
    Time to implement (T)   3 hours, 57 minutes
    Est Delivered Bugs (B)  1
    Cyclomatic Complexity   10
    Maintainability (MI)    110

 Segment     Used  Free
-----------  ----  ----
00000-00003     4  0  
00004-007FF   575  1469  
00800-00FFF     0  2048  
01000-017FF     0  2048  
01800-01FFF     0  2048  



